<?xml version="1.0" encoding="UTF-8" ?>
<testsuite tests="9" failures="0" name="cucumberOptions.TestRunner" time="0.008" errors="0" skipped="0">
  <properties>
[...]
</properties>
  <testcase classname="| 200 |" name="Given Upcoming movies api is given" time="0.007"/>
  <testcase classname="| 200 |" name="When User calls &quot;GetUpcomingMovies&quot; API with &quot;GET&quot; http request" time="0"/>
  <testcase classname="| 200 |" name="Then Status code should  200" time="0"/>
  <testcase classname="| 200 |" name="And Movie release date should not be greater than today&apos;s date" time="0"/>
  <testcase classname="| 200 |" name="And Movie posted URL should only have &quot;.jpg&quot; format" time="0"/>
  <testcase classname="| 200 |" name="And Paytm movie code is unique" time="0"/>
  <testcase classname="| 200 |" name="And No movie code should have more than 1 language format" time="0"/>
  <testcase classname="| 200 |" name="Then Write down name of the all the movies whose content available is 0" time="0"/>
  <testcase classname="| 200 |" name="| 200 |" time="0.001"/>
</testsuite>