<?xml version="1.0" encoding="UTF-8" ?>
<testsuite tests="12" failures="0" name="cucumberOptions.TestRunner" time="0.004" errors="0" skipped="0">
  <properties>
[...]
</properties>
  <testcase classname="| AAhouse | English | World cross center |" name="Given Add Place Payload with &quot;AAhouse&quot; &quot;English&quot; &quot;World cross center&quot;" time="0.003"/>
  <testcase classname="| AAhouse | English | World cross center |" name="When User calls &quot;addPlaceAPI&quot; with &quot;POST&quot; http Request" time="0"/>
  <testcase classname="| AAhouse | English | World cross center |" name="Then The API calls is success with status code 200" time="0"/>
  <testcase classname="| AAhouse | English | World cross center |" name="And &quot;status&quot; in response body is &quot;OK&quot;" time="0"/>
  <testcase classname="| AAhouse | English | World cross center |" name="And &quot;scope&quot; in response body is &quot;APP&quot;" time="0"/>
  <testcase classname="| AAhouse | English | World cross center |" name="And verify place_id maps to &quot;AAhouse&quot; using &quot;getPlaceAPI&quot;" time="0"/>
  <testcase classname="| AAhouse | English | World cross center |" name="| AAhouse | English | World cross center |" time="0.001"/>
  <testcase classname="Scenario: Verify if delete functinoality is working" name="Given DeletePlace Payload" time="0"/>
  <testcase classname="Scenario: Verify if delete functinoality is working" name="When User calls &quot;deletePlaceAPI&quot; with &quot;POST&quot; http Request" time="0"/>
  <testcase classname="Scenario: Verify if delete functinoality is working" name="Then The API calls is success with status code 200" time="0"/>
  <testcase classname="Scenario: Verify if delete functinoality is working" name="And &quot;status&quot; in response body is &quot;OK&quot;" time="0"/>
  <testcase classname="Scenario: Verify if delete functinoality is working" name="Scenario: Verify if delete functinoality is working" time="0"/>
</testsuite>